[07:38:39] [main/INFO]: Loading Minecraft 1.21.1 with Fabric Loader 0.16.4
[07:38:40] [ForkJoinPool-1-worker-1/WARN]: The mod "betterstats" contains invalid entries in its mod json:
- Unsupported root entry "" at line 26 column 4
- Unsupported root entry "" at line 26 column 124
- Unsupported root entry "" at line 28 column 4
- Unsupported root entry "" at line 28 column 24
[07:38:40] [ForkJoinPool-1-worker-2/WARN]: The mod "tcdcommons" contains invalid entries in its mod json:
- Unsupported root entry "" at line 27 column 4
- Unsupported root entry "" at line 27 column 198
- Unsupported root entry "" at line 29 column 4
- Unsupported root entry "" at line 29 column 24
[07:38:40] [ForkJoinPool-1-worker-2/WARN]: Mod dev_isxander_libsdl4j uses the version 3.1.9.075c033-66 which isn't compatible with Loader's extended semantic version format (Could not parse version number component '075c033'!), SemVer is recommended for reliably evaluating dependencies and prioritizing newer version
[07:38:40] [ForkJoinPool-1-worker-2/WARN]: Mod com_github_rtyley_animated-gif-lib-for-java uses the version animated-gif-lib-1.7 which isn't compatible with Loader's extended semantic version format (Could not parse version number component 'animated'!), SemVer is recommended for reliably evaluating dependencies and prioritizing newer version
[07:38:40] [main/WARN]: Mod resolution failed
[07:38:40] [main/INFO]: Immediate reason: [HARD_DEP animal_armor_trims 2.0.0 {depends monolib @ [>=1.3.0]}, HARD_DEP_NO_CANDIDATE monolib 2.1.0 {depends fabricloader @ [>=0.16.10]}, ROOT_FORCELOAD_SINGLE animal_armor_trims 2.0.0]
[07:38:40] [main/INFO]: Reason: [HARD_DEP monolib 2.1.0 {depends fabricloader @ [>=0.16.10]}, HARD_DEP animated-logo 1.0 {depends fabricloader @ [>=0.16.5]}, HARD_DEP deimos 2.1 {depends fabricloader @ [>=0.16.9]}, HARD_DEP fabric-language-kotlin 1.13.3+kotlin.2.1.21 {depends fabricloader @ [>=0.16.9]}, HARD_DEP fancymenu 3.5.0 {depends fabricloader @ [>=0.16.5]}, HARD_DEP kaffees_dual_ride 1.1.0 {depends fabricloader @ [>=0.16.5]}, HARD_DEP lolmcbv 1.7.2 {depends fabricloader @ [>=0.16.10]}, HARD_DEP lolmcgt 1.8.1 {depends fabricloader @ [>=0.16.10]}, HARD_DEP lolmcmv 1.8.1 {depends fabricloader @ [>=0.16.9]}, HARD_DEP quad 1.2.9 {depends fabricloader @ [>=0.16.9]}, HARD_DEP lolmft 1.8.2 {depends fabricloader @ [>=0.16.10]}, HARD_DEP lolmlmv 1.2.1 {depends fabricloader @ [>=0.16.10]}, HARD_DEP lolmst 1.3.0 {depends fabricloader @ [>=0.16.13]}, HARD_DEP modernfix 5.23.0+mc1.21.1 {depends fabricloader @ [>=0.16.10]}, HARD_DEP mstv-base 1.4.6 {depends fabricloader @ [>=0.16.10]}, HARD_DEP mstv-masv 1.3.0 {depends fabricloader @ [>=0.16.10]}, HARD_DEP mstv-mframev 1.1.1 {depends fabricloader @ [>=0.16.9]}, HARD_DEP mstv-mfrv 1.0.4 {depends fabricloader @ [>=0.16.9]}, HARD_DEP mstv-mtoolv 1.1.2 {depends fabricloader @ [>=0.16.10]}, HARD_DEP mstv-mweaponv 1.3.9 {depends fabricloader @ [>=0.16.10]}, HARD_DEP nemos-moreladdervariants 1.0.3 {depends fabricloader @ [~0.16.5]}, HARD_DEP particle-effects 1.0.3+1.21 {depends fabricloader @ [>=0.16.10]}, HARD_DEP platform 1.2.9 {depends fabricloader @ [>=0.16.12]}, HARD_DEP quad-lolmbdv 1.6.0 {depends fabricloader @ [>=0.16.10]}, HARD_DEP quad-lolmbhv 1.2.1 {depends fabricloader @ [>=0.16.10]}, HARD_DEP quad-lolmjnv 1.1.1 {depends fabricloader @ [>=0.16.10]}, HARD_DEP quad-lolmsmv 1.3.3 {depends fabricloader @ [>=0.16.10]}, HARD_DEP quad-mstv-mrailv 1.0.4 {depends fabricloader @ [>=0.16.9]}, HARD_DEP quad-mstv-mtv 1.1.3 {depends fabricloader @ [>=0.16.10]}, HARD_DEP vanillabackport 1.1.3 {depends fabricloader @ [>=0.16.12]}]
[07:38:40] [main/INFO]: SERVER environment disabled: [fabric-renderer-api-v1, status-effect-bars, entity_model_features, fabric-keybindings-v0, entity_texture_features, helditemtooltips, modmenu, mousetweaks, blur, fabric-screen-api-v1, fabric-renderer-indigo, perception, particlerain, brb, worldplaytime, vintage_animations, chatsigninghider, fabric-sound-api-v1, fabric-rendering-v0, cullleaves, fallingleaves, fabric-rendering-v1, fabric-key-binding-api-v1, controlling, axolotlitemfix, searchables, paginatedadvancements, fabric-model-loading-api-v1, iris, bettermounthud, fabric-client-tags-api-v1, visuality, cherishedworlds, fabric-blockrenderlayer-v1, fpsreducer, sodium, fabric-renderer-registries-v1, chat_heads, wakes, chunksfadein, languagereload, detailab, chatimpressiveanimation, sdrp, musicnotification, dsurround]
[07:38:40] [main/INFO]: Fix: add [], remove [], replace [[fabricloader 0.16.4] -> add:fabricloader 0.16.13 ([[0.16.13,0.17-)])]
[07:38:40] [main/ERROR]: Incompatible mods found!
net.fabricmc.loader.impl.FormattedException: Some of your mods are incompatible with the game or each other!
A potential solution has been determined, this may resolve your problem:
	 - Replace mod 'Fabric Loader' (fabricloader) 0.16.4 with any version between 0.16.13 (inclusive) and 0.17- (exclusive).
More details:
	 - Mod 'MonoLib' (monolib) 2.1.0 requires version 0.16.10 or later of mod 'Fabric Loader' (fabricloader), but only the wrong version is present: 0.16.4!
	 - Mod 'Animated Mojang Logo' (animated-logo) 1.0 requires version 0.16.5 or later of mod 'Fabric Loader' (fabricloader), but only the wrong version is present: 0.16.4!
	 - Mod 'Deimos' (deimos) 2.1 requires version 0.16.9 or later of mod 'Fabric Loader' (fabricloader), but only the wrong version is present: 0.16.4!
	 - Mod 'Fabric Language Kotlin' (fabric-language-kotlin) 1.13.3+kotlin.2.1.21 requires version 0.16.9 or later of mod 'Fabric Loader' (fabricloader), but only the wrong version is present: 0.16.4!
	 - Mod 'FancyMenu' (fancymenu) 3.5.0 requires version 0.16.5 or later of mod 'Fabric Loader' (fabricloader), but only the wrong version is present: 0.16.4!
	 - Mod 'Kaffee's Dual Ride' (kaffees_dual_ride) 1.1.0 requires version 0.16.5 or later of mod 'Fabric Loader' (fabricloader), but only the wrong version is present: 0.16.4!
	 - Mod 'More Chiseled Bookshelf Variants' (lolmcbv) 1.7.2 requires version 0.16.10 or later of mod 'Fabric Loader' (fabricloader), but only the wrong version is present: 0.16.4!
	 - Mod 'More Cartography Tables' (lolmcgt) 1.8.1 requires version 0.16.10 or later of mod 'Fabric Loader' (fabricloader), but only the wrong version is present: 0.16.4!
	 - Mod 'More Composter Variants' (lolmcmv) 1.8.1 requires version 0.16.9 or later of mod 'Fabric Loader' (fabricloader), but only the wrong version is present: 0.16.4!
	 - Mod 'Quad' (quad) 1.2.9 requires version 0.16.9 or later of mod 'Fabric Loader' (fabricloader), but only the wrong version is present: 0.16.4!
	 - Mod 'More Fletching Tables' (lolmft) 1.8.2 requires version 0.16.10 or later of mod 'Fabric Loader' (fabricloader), but only the wrong version is present: 0.16.4!
	 - Mod 'More Loom Variants' (lolmlmv) 1.2.1 requires version 0.16.10 or later of mod 'Fabric Loader' (fabricloader), but only the wrong version is present: 0.16.4!
	 - Mod 'More Smithing Tables' (lolmst) 1.3.0 requires version 0.16.13 or later of mod 'Fabric Loader' (fabricloader), but only the wrong version is present: 0.16.4!
	 - Mod 'ModernFix' (modernfix) 5.23.0+mc1.21.1 requires version 0.16.10 or later of mod 'Fabric Loader' (fabricloader), but only the wrong version is present: 0.16.4!
	 - Mod 'More Stick Variants (MStV)' (mstv-base) 1.4.6 requires version 0.16.10 or later of mod 'Fabric Loader' (fabricloader), but only the wrong version is present: 0.16.4!
	 - Mod 'More Armor Stand Variants (MStV+)' (mstv-masv) 1.3.0 requires version 0.16.10 or later of mod 'Fabric Loader' (fabricloader), but only the wrong version is present: 0.16.4!
	 - Mod 'More (Item/Painting) Frame Variants (MStV+)' (mstv-mframev) 1.1.1 requires version 0.16.9 or later of mod 'Fabric Loader' (fabricloader), but only the wrong version is present: 0.16.4!
	 - Mod 'More (Fishing) Rod Variants (MStV+)' (mstv-mfrv) 1.0.4 requires version 0.16.9 or later of mod 'Fabric Loader' (fabricloader), but only the wrong version is present: 0.16.4!
	 - Mod 'More Tool Variants (MStV+)' (mstv-mtoolv) 1.1.2 requires version 0.16.10 or later of mod 'Fabric Loader' (fabricloader), but only the wrong version is present: 0.16.4!
	 - Mod 'More Weapon Variants (MStV+)' (mstv-mweaponv) 1.3.9 requires version 0.16.10 or later of mod 'Fabric Loader' (fabricloader), but only the wrong version is present: 0.16.4!
	 - Mod 'Nemo's More Ladder Variants (MStV)' (nemos-moreladdervariants) 1.0.3 requires any version between 0.16.5 (inclusive) and 0.17- (exclusive) of mod 'Fabric Loader' (fabricloader), but only the wrong version is present: 0.16.4!
	 - Mod 'Particle Effects' (particle-effects) 1.0.3+1.21 requires version 0.16.10 or later of mod 'Fabric Loader' (fabricloader), but only the wrong version is present: 0.16.4!
	 - Mod 'Platform' (platform) 1.2.9 requires version 0.16.12 or later of mod 'Fabric Loader' (fabricloader), but only the wrong version is present: 0.16.4!
	 - Mod 'More Bed Variants' (quad-lolmbdv) 1.6.0 requires version 0.16.10 or later of mod 'Fabric Loader' (fabricloader), but only the wrong version is present: 0.16.4!
	 - Mod 'More Beehive Variants' (quad-lolmbhv) 1.2.1 requires version 0.16.10 or later of mod 'Fabric Loader' (fabricloader), but only the wrong version is present: 0.16.4!
	 - Mod 'More Jukebox/Noteblock Variants' (quad-lolmjnv) 1.1.1 requires version 0.16.10 or later of mod 'Fabric Loader' (fabricloader), but only the wrong version is present: 0.16.4!
	 - Mod 'More Smoker Variants' (quad-lolmsmv) 1.3.3 requires version 0.16.10 or later of mod 'Fabric Loader' (fabricloader), but only the wrong version is present: 0.16.4!
	 - Mod 'More Rail Variants (MStV+)' (quad-mstv-mrailv) 1.0.4 requires version 0.16.9 or later of mod 'Fabric Loader' (fabricloader), but only the wrong version is present: 0.16.4!
	 - Mod 'More Torch Variants (MStV+)' (quad-mstv-mtv) 1.1.3 requires version 0.16.10 or later of mod 'Fabric Loader' (fabricloader), but only the wrong version is present: 0.16.4!
	 - Mod 'VanillaBackport' (vanillabackport) 1.1.3 requires version 0.16.12 or later of mod 'Fabric Loader' (fabricloader), but only the wrong version is present: 0.16.4!
	at net.fabricmc.loader.impl.FormattedException.ofLocalized(FormattedException.java:51) ~[fabric-loader-0.16.4.jar:?]
	at net.fabricmc.loader.impl.FabricLoaderImpl.load(FabricLoaderImpl.java:196) ~[fabric-loader-0.16.4.jar:?]
	at net.fabricmc.loader.impl.launch.knot.Knot.init(Knot.java:146) ~[fabric-loader-0.16.4.jar:?]
	at net.fabricmc.loader.impl.launch.knot.Knot.launch(Knot.java:68) [fabric-loader-0.16.4.jar:?]
	at net.fabricmc.loader.impl.launch.knot.KnotServer.main(KnotServer.java:23) [fabric-loader-0.16.4.jar:?]
	at net.fabricmc.loader.impl.launch.server.FabricServerLauncher.main(FabricServerLauncher.java:69) [fabric-loader-0.16.4.jar:?]
	at net.fabricmc.installer.ServerLauncher.main(ServerLauncher.java:69) [fabric-server-launch.jar:1.0.1]
